{
  "RSpec": {
    "coverage": {
      "/Users/sethperna/turing/4module/take_home/Tea_Subscription/app/models/customer.rb": {
        "lines": [
          1,
          1,
          1,
          1,
          1,
          null,
          null,
          1,
          1,
          null
        ]
      },
      "/Users/sethperna/turing/4module/take_home/Tea_Subscription/app/models/subscription.rb": {
        "lines": [
          1,
          1,
          1,
          1,
          1,
          1,
          1,
          1,
          null,
          1,
          null,
          1,
          1,
          null
        ]
      },
      "/Users/sethperna/turing/4module/take_home/Tea_Subscription/app/models/tea.rb": {
        "lines": [
          1,
          1,
          1,
          1,
          1,
          1,
          1,
          null
        ]
      },
      "/Users/sethperna/turing/4module/take_home/Tea_Subscription/app/models/tea_sub.rb": {
        "lines": [
          1,
          1,
          1,
          null
        ]
      },
      "/Users/sethperna/turing/4module/take_home/Tea_Subscription/app/controllers/api/v1/subscriptions_controller.rb": {
        "lines": [
          1,
          null,
          1,
          1,
          1,
          1,
          null,
          0,
          null,
          null,
          null,
          1,
          2,
          2,
          2,
          2,
          2,
          2,
          1,
          null,
          1,
          null,
          null,
          null,
          null,
          1,
          1,
          1,
          1,
          1,
          1,
          1,
          1,
          null,
          1,
          1,
          null,
          0,
          null,
          null,
          null,
          null
        ]
      },
      "/Users/sethperna/turing/4module/take_home/Tea_Subscription/app/controllers/application_controller.rb": {
        "lines": [
          1,
          null
        ]
      },
      "/Users/sethperna/turing/4module/take_home/Tea_Subscription/app/serializers/subscription_serializer.rb": {
        "lines": [
          1,
          1,
          null,
          1,
          1,
          1,
          null,
          null
        ]
      },
      "/Users/sethperna/turing/4module/take_home/Tea_Subscription/app/serializers/customer_subscription_serializer.rb": {
        "lines": [
          1,
          1,
          null,
          1,
          1,
          1,
          2,
          null,
          1,
          2,
          null,
          1,
          2,
          null,
          1,
          2,
          null,
          1,
          5,
          null,
          null,
          null
        ]
      }
    },
    "timestamp": 1649891387
  }
}
